0 info it worked if it ends with ok
1 verbose cli [ '/home/kurro/.nvm/versions/node/v6.10.0/bin/node',
1 verbose cli   '/home/kurro/.nvm/versions/node/v6.10.0/bin/npm',
1 verbose cli   'run',
1 verbose cli   'dev' ]
2 info using npm@3.10.10
3 info using node@v6.10.0
4 verbose run-script [ 'predev', 'dev', 'postdev' ]
5 info lifecycle callog-it-frontend@1.0.0~predev: callog-it-frontend@1.0.0
6 silly lifecycle callog-it-frontend@1.0.0~predev: no script for predev, continuing
7 info lifecycle callog-it-frontend@1.0.0~dev: callog-it-frontend@1.0.0
8 verbose lifecycle callog-it-frontend@1.0.0~dev: unsafe-perm in lifecycle true
9 verbose lifecycle callog-it-frontend@1.0.0~dev: PATH: /home/kurro/.nvm/versions/node/v6.10.0/lib/node_modules/npm/bin/node-gyp-bin:/home/kurro/VuejsProject/callog-it-frontend/node_modules/.bin:/home/kurro/.nvm/versions/node/v6.10.0/bin:/home/kurro/.local/share/umake/bin:/home/kurro/bin:/home/kurro/.local/bin:/home/kurro/.sdkman/candidates/groovy/current:/home/kurro/.sdkman/candidates/gradle/current:/home/kurro/.local/share/umake/bin:/home/kurro/bin:/home/kurro/.local/bin:/usr/local/sbin:/usr/local/bin:/usr/sbin:/usr/bin:/sbin:/bin:/usr/games:/usr/local/games:/home/kurro/.config/composer/vendor/bin:/home/kurro/opt/PhpStorm-172.4155.41/bin
10 verbose lifecycle callog-it-frontend@1.0.0~dev: CWD: /home/kurro/VuejsProject/callog-it-frontend
11 silly lifecycle callog-it-frontend@1.0.0~dev: Args: [ '-c',
11 silly lifecycle   'webpack-dev-server --inline --host 0.0.0.0 --progress --config build/webpack.dev.conf.js' ]
12 silly lifecycle callog-it-frontend@1.0.0~dev: Returned: code: 1  signal: null
13 info lifecycle callog-it-frontend@1.0.0~dev: Failed to exec dev script
14 verbose stack Error: callog-it-frontend@1.0.0 dev: `webpack-dev-server --inline --host 0.0.0.0 --progress --config build/webpack.dev.conf.js`
14 verbose stack Exit status 1
14 verbose stack     at EventEmitter.<anonymous> (/home/kurro/.nvm/versions/node/v6.10.0/lib/node_modules/npm/lib/utils/lifecycle.js:255:16)
14 verbose stack     at emitTwo (events.js:106:13)
14 verbose stack     at EventEmitter.emit (events.js:191:7)
14 verbose stack     at ChildProcess.<anonymous> (/home/kurro/.nvm/versions/node/v6.10.0/lib/node_modules/npm/lib/utils/spawn.js:40:14)
14 verbose stack     at emitTwo (events.js:106:13)
14 verbose stack     at ChildProcess.emit (events.js:191:7)
14 verbose stack     at maybeClose (internal/child_process.js:877:16)
14 verbose stack     at Process.ChildProcess._handle.onexit (internal/child_process.js:226:5)
15 verbose pkgid callog-it-frontend@1.0.0
16 verbose cwd /home/kurro/VuejsProject/callog-it-frontend
17 error Linux 4.4.0-103-generic
18 error argv "/home/kurro/.nvm/versions/node/v6.10.0/bin/node" "/home/kurro/.nvm/versions/node/v6.10.0/bin/npm" "run" "dev"
19 error node v6.10.0
20 error npm  v3.10.10
21 error code ELIFECYCLE
22 error callog-it-frontend@1.0.0 dev: `webpack-dev-server --inline --host 0.0.0.0 --progress --config build/webpack.dev.conf.js`
22 error Exit status 1
23 error Failed at the callog-it-frontend@1.0.0 dev script 'webpack-dev-server --inline --host 0.0.0.0 --progress --config build/webpack.dev.conf.js'.
23 error Make sure you have the latest version of node.js and npm installed.
23 error If you do, this is most likely a problem with the callog-it-frontend package,
23 error not with npm itself.
23 error Tell the author that this fails on your system:
23 error     webpack-dev-server --inline --host 0.0.0.0 --progress --config build/webpack.dev.conf.js
23 error You can get information on how to open an issue for this project with:
23 error     npm bugs callog-it-frontend
23 error Or if that isn't available, you can get their info via:
23 error     npm owner ls callog-it-frontend
23 error There is likely additional logging output above.
24 verbose exit [ 1, true ]
